have_library: checking for fdatasync() in -lrt... -------------------- no

"/usr/bin/gcc-4.2 -o conftest -I/Users/wil/.rvm/rubies/ruby-1.9.2-p290/include/ruby-1.9.1/x86_64-darwin10.8.0 -I/Users/wil/.rvm/rubies/ruby-1.9.2-p290/include/ruby-1.9.1/ruby/backward -I/Users/wil/.rvm/rubies/ruby-1.9.2-p290/include/ruby-1.9.1 -I. -D_XOPEN_SOURCE -D_DARWIN_C_SOURCE    -O3 -ggdb -Wextra -Wno-unused-parameter -Wno-parentheses -Wpointer-arith -Wwrite-strings -Wno-missing-field-initializers -Wshorten-64-to-32 -Wno-long-long  -fno-common -pipe conftest.c  -L. -L/Users/wil/.rvm/rubies/ruby-1.9.2-p290/lib -L. -L/usr/local/lib     -lruby.1.9.1-static  -lpthread -ldl -lobjc "
checked program was:
/* begin */
1: #include "ruby.h"
2: 
3: int main() {return 0;}
/* end */

"/usr/bin/gcc-4.2 -o conftest -I/Users/wil/.rvm/rubies/ruby-1.9.2-p290/include/ruby-1.9.1/x86_64-darwin10.8.0 -I/Users/wil/.rvm/rubies/ruby-1.9.2-p290/include/ruby-1.9.1/ruby/backward -I/Users/wil/.rvm/rubies/ruby-1.9.2-p290/include/ruby-1.9.1 -I. -D_XOPEN_SOURCE -D_DARWIN_C_SOURCE    -O3 -ggdb -Wextra -Wno-unused-parameter -Wno-parentheses -Wpointer-arith -Wwrite-strings -Wno-missing-field-initializers -Wshorten-64-to-32 -Wno-long-long  -fno-common -pipe conftest.c  -L. -L/Users/wil/.rvm/rubies/ruby-1.9.2-p290/lib -L. -L/usr/local/lib     -lruby.1.9.1-static -lrt  -lpthread -ldl -lobjc "
conftest.c: In function ‘t’:
conftest.c:5: error: ‘fdatasync’ undeclared (first use in this function)
conftest.c:5: error: (Each undeclared identifier is reported only once
conftest.c:5: error: for each function it appears in.)
checked program was:
/* begin */
1: #include "ruby.h"
2: 
3: /*top*/
4: int main() {return 0;}
5: int t() { void ((*volatile p)()); p = (void ((*)()))fdatasync; return 0; }
/* end */

"/usr/bin/gcc-4.2 -o conftest -I/Users/wil/.rvm/rubies/ruby-1.9.2-p290/include/ruby-1.9.1/x86_64-darwin10.8.0 -I/Users/wil/.rvm/rubies/ruby-1.9.2-p290/include/ruby-1.9.1/ruby/backward -I/Users/wil/.rvm/rubies/ruby-1.9.2-p290/include/ruby-1.9.1 -I. -D_XOPEN_SOURCE -D_DARWIN_C_SOURCE    -O3 -ggdb -Wextra -Wno-unused-parameter -Wno-parentheses -Wpointer-arith -Wwrite-strings -Wno-missing-field-initializers -Wshorten-64-to-32 -Wno-long-long  -fno-common -pipe conftest.c  -L. -L/Users/wil/.rvm/rubies/ruby-1.9.2-p290/lib -L. -L/usr/local/lib     -lruby.1.9.1-static -lrt  -lpthread -ldl -lobjc "
ld: library not found for -lrt
collect2: ld returned 1 exit status
checked program was:
/* begin */
1: #include "ruby.h"
2: 
3: /*top*/
4: int main() {return 0;}
5: int t() { fdatasync(); return 0; }
/* end */

--------------------

have_header: checking for sqlite3.h... -------------------- yes

"/usr/bin/gcc-4.2 -E -I/Users/wil/.rvm/rubies/ruby-1.9.2-p290/include/ruby-1.9.1/x86_64-darwin10.8.0 -I/Users/wil/.rvm/rubies/ruby-1.9.2-p290/include/ruby-1.9.1/ruby/backward -I/Users/wil/.rvm/rubies/ruby-1.9.2-p290/include/ruby-1.9.1 -I. -D_XOPEN_SOURCE -D_DARWIN_C_SOURCE    -O3 -ggdb -Wextra -Wno-unused-parameter -Wno-parentheses -Wpointer-arith -Wwrite-strings -Wno-missing-field-initializers -Wshorten-64-to-32 -Wno-long-long  -fno-common -pipe  conftest.c -o conftest.i"
checked program was:
/* begin */
1: #include "ruby.h"
2: 
3: #include <sqlite3.h>
/* end */

--------------------

have_library: checking for sqlite3_open() in -lsqlite3... -------------------- no

"/usr/bin/gcc-4.2 -o conftest -I/Users/wil/.rvm/rubies/ruby-1.9.2-p290/include/ruby-1.9.1/x86_64-darwin10.8.0 -I/Users/wil/.rvm/rubies/ruby-1.9.2-p290/include/ruby-1.9.1/ruby/backward -I/Users/wil/.rvm/rubies/ruby-1.9.2-p290/include/ruby-1.9.1 -I. -D_XOPEN_SOURCE -D_DARWIN_C_SOURCE    -O3 -ggdb -Wextra -Wno-unused-parameter -Wno-parentheses -Wpointer-arith -Wwrite-strings -Wno-missing-field-initializers -Wshorten-64-to-32 -Wno-long-long  -fno-common -pipe conftest.c  -L. -L/Users/wil/.rvm/rubies/ruby-1.9.2-p290/lib -L. -L/usr/local/lib     -lruby.1.9.1-static -lsqlite3  -lpthread -ldl -lobjc "
conftest.c: In function ‘t’:
conftest.c:5: error: ‘sqlite3_open’ undeclared (first use in this function)
conftest.c:5: error: (Each undeclared identifier is reported only once
conftest.c:5: error: for each function it appears in.)
checked program was:
/* begin */
1: #include "ruby.h"
2: 
3: /*top*/
4: int main() {return 0;}
5: int t() { void ((*volatile p)()); p = (void ((*)()))sqlite3_open; return 0; }
/* end */

"/usr/bin/gcc-4.2 -o conftest -I/Users/wil/.rvm/rubies/ruby-1.9.2-p290/include/ruby-1.9.1/x86_64-darwin10.8.0 -I/Users/wil/.rvm/rubies/ruby-1.9.2-p290/include/ruby-1.9.1/ruby/backward -I/Users/wil/.rvm/rubies/ruby-1.9.2-p290/include/ruby-1.9.1 -I. -D_XOPEN_SOURCE -D_DARWIN_C_SOURCE    -O3 -ggdb -Wextra -Wno-unused-parameter -Wno-parentheses -Wpointer-arith -Wwrite-strings -Wno-missing-field-initializers -Wshorten-64-to-32 -Wno-long-long  -fno-common -pipe conftest.c  -L. -L/Users/wil/.rvm/rubies/ruby-1.9.2-p290/lib -L. -L/usr/local/lib     -lruby.1.9.1-static -lsqlite3  -lpthread -ldl -lobjc "
ld: warning: ignoring file /usr/local/lib/libsqlite3.a, file was built for archive which is not the architecture being linked (x86_64)
Undefined symbols for architecture x86_64:
  "_sqlite3_open", referenced from:
      _t in ccLwcKTu.o
ld: symbol(s) not found for architecture x86_64
collect2: ld returned 1 exit status
checked program was:
/* begin */
1: #include "ruby.h"
2: 
3: /*top*/
4: int main() {return 0;}
5: int t() { sqlite3_open(); return 0; }
/* end */

--------------------

